<?xml version="1.0" encoding="UTF-8"?>
<!-- Generated by org.testng.reporters.JUnitReportReporter -->
<testsuite hostname="DESKTOP-Q6T8I2O" failures="0" tests="2" name="com.test.Flight_Test" time="39.892" errors="0" timestamp="2020-07-07T11:01:27 IST" skipped="0">
  <testcase classname="com.test.Flight_Test" name="login" time="12.507"/>
  <system-out/>
  <testcase classname="com.test.Flight_Test" name="flightFunction" time="27.385"/>
  <system-out/>
</testsuite> <!-- com.test.Flight_Test -->
