<?xml version="1.0" encoding="UTF-8"?>
<!-- Generated by org.testng.reporters.JUnitReportReporter -->
<testsuite hostname="DESKTOP-Q6T8I2O" failures="0" tests="1" name="Options.TestRunner2" time="0.301" errors="0" timestamp="2020-07-13T17:55:09 IST" skipped="1">
  <testcase classname="Options.TestRunner2" name="runScenario" time="0.301">
    <skipped/>
  </testcase> <!-- runScenario -->
  <system-out/>
</testsuite> <!-- Options.TestRunner2 -->
